 INFO [2019-07-22 12:33:31,443] ({main} RemoteInterpreterServer.java[main]:260) - URL:jar:file:/zeppelin/interpreter/sh/zeppelin-interpreter-0.8.0.jar!/org/apache/zeppelin/interpreter/remote/RemoteInterpreterServer.class
 INFO [2019-07-22 12:33:31,646] ({main} RemoteInterpreterServer.java[<init>]:161) - Launching ThriftServer at 172.19.0.3:36041
 INFO [2019-07-22 12:33:31,683] ({main} RemoteInterpreterServer.java[<init>]:165) - Starting remote interpreter server on port 36041
 INFO [2019-07-22 12:33:31,692] ({Thread-0} RemoteInterpreterServer.java[run]:202) - Starting remote interpreter server on port 36041
 INFO [2019-07-22 12:33:32,729] ({Thread-1} RemoteInterpreterUtils.java[registerInterpreter]:165) - callbackHost: 172.19.0.3, callbackPort: 38447, callbackInfo: CallbackInfo(host:172.19.0.3, port:36041)
 INFO [2019-07-22 12:33:33,063] ({pool-1-thread-1} RemoteInterpreterServer.java[createInterpreter]:310) - Instantiate interpreter org.apache.zeppelin.shell.ShellInterpreter
 INFO [2019-07-22 12:33:33,209] ({pool-2-thread-2} SchedulerFactory.java[jobStarted]:109) - Job 20160410-003138_1540125404 started by scheduler org.apache.zeppelin.shell.ShellInterpreter103502699
 INFO [2019-07-22 12:33:33,235] ({pool-2-thread-2} ShellInterpreter.java[open]:66) - Command timeout property: 60000
 INFO [2019-07-22 12:33:34,867] ({pool-2-thread-2} ShellInterpreter.java[interpret]:115) - Paragraph 20160410-003138_1540125404 return with exit value: 0
 INFO [2019-07-22 12:33:34,871] ({pool-2-thread-2} SchedulerFactory.java[jobFinished]:115) - Job 20160410-003138_1540125404 finished by scheduler org.apache.zeppelin.shell.ShellInterpreter103502699
 INFO [2019-07-22 12:33:35,058] ({pool-2-thread-2} SchedulerFactory.java[jobStarted]:109) - Job 20160410-003138_226044813 started by scheduler org.apache.zeppelin.shell.ShellInterpreter103502699
 INFO [2019-07-22 12:33:35,096] ({pool-2-thread-2} ShellInterpreter.java[interpret]:115) - Paragraph 20160410-003138_226044813 return with exit value: 0
 INFO [2019-07-22 12:33:35,097] ({pool-2-thread-2} SchedulerFactory.java[jobFinished]:115) - Job 20160410-003138_226044813 finished by scheduler org.apache.zeppelin.shell.ShellInterpreter103502699
 INFO [2019-07-22 12:33:35,244] ({pool-2-thread-3} SchedulerFactory.java[jobStarted]:109) - Job 20160410-003138_1267267737 started by scheduler org.apache.zeppelin.shell.ShellInterpreter103502699
ERROR [2019-07-22 12:33:35,266] ({pool-2-thread-3} ShellInterpreter.java[interpret]:120) - Can not run # remove existing copies of dataset from HDFS
hdfs dfs -rm -r -f /tmp/flights.csv

# put data into HDFS
hdfs dfs -put /tmp/flights.csv /tmp/
org.apache.commons.exec.ExecuteException: Process exited with an error: 127 (Exit value: 127)
	at org.apache.commons.exec.DefaultExecutor.executeInternal(DefaultExecutor.java:404)
	at org.apache.commons.exec.DefaultExecutor.execute(DefaultExecutor.java:166)
	at org.apache.commons.exec.DefaultExecutor.execute(DefaultExecutor.java:153)
	at org.apache.zeppelin.shell.ShellInterpreter.interpret(ShellInterpreter.java:114)
	at org.apache.zeppelin.interpreter.LazyOpenInterpreter.interpret(LazyOpenInterpreter.java:103)
	at org.apache.zeppelin.interpreter.remote.RemoteInterpreterServer$InterpretJob.jobRun(RemoteInterpreterServer.java:633)
	at org.apache.zeppelin.scheduler.Job.run(Job.java:188)
	at org.apache.zeppelin.scheduler.ParallelScheduler$JobRunner.run(ParallelScheduler.java:162)
	at java.util.concurrent.Executors$RunnableAdapter.call(Executors.java:511)
	at java.util.concurrent.FutureTask.run(FutureTask.java:266)
	at java.util.concurrent.ScheduledThreadPoolExecutor$ScheduledFutureTask.access$201(ScheduledThreadPoolExecutor.java:180)
	at java.util.concurrent.ScheduledThreadPoolExecutor$ScheduledFutureTask.run(ScheduledThreadPoolExecutor.java:293)
	at java.util.concurrent.ThreadPoolExecutor.runWorker(ThreadPoolExecutor.java:1149)
	at java.util.concurrent.ThreadPoolExecutor$Worker.run(ThreadPoolExecutor.java:624)
	at java.lang.Thread.run(Thread.java:748)
 INFO [2019-07-22 12:33:35,276] ({pool-2-thread-3} SchedulerFactory.java[jobFinished]:115) - Job 20160410-003138_1267267737 finished by scheduler org.apache.zeppelin.shell.ShellInterpreter103502699
 INFO [2019-07-22 12:36:33,621] ({pool-1-thread-1} RemoteInterpreterServer.java[shutdown]:208) - Shutting down...
